# JRE version: Java(TM) SE Runtime Environment (21.0+35) (build 21+35-LTS-2513)
# Java VM: Java HotSpot(TM) 64-Bit Server VM (21+35-LTS-2513, mixed mode, sharing, tiered, compressed oops, compressed class ptrs, g1 gc, windows-amd64)
GC Precious Log:
 CardTable entry size: 512
 Card Set container configuration: InlinePtr #cards 4 size 8 Array Of Cards #cards 16 size 48 Howl #buckets 8 coarsen threshold 3686 Howl Bitmap #cards 512 size 80 coarsen threshold 460 Card regions per heap region 1 cards per card region 4096
 CPUs: 8 total, 8 available
 Memory: 16227M
 Large Page Support: Disabled
 NUMA Support: Disabled
 Compressed Oops: Enabled (Zero based)
 Heap Region Size: 2M
 Heap Min Capacity: 8M
 Heap Initial Capacity: 254M
 Heap Max Capacity: 4058M
 Pre-touch: Disabled
 Parallel Workers: 8
 Concurrent Workers: 2
 Concurrent Refinement Workers: 8
 Periodic GC: Disabled
Heap:
 garbage-first heap   total 155648K, used 79323K [0x0000000702600000, 0x0000000800000000)
  region size 2048K, 6 young (12288K), 2 survivors (4096K)
 Metaspace       used 36699K, committed 37248K, reserved 1114112K
  class space    used 4121K, committed 4352K, reserved 1048576K
GC Heap History (16 events):
Event: 0.876 GC heap before
{Heap before GC invocations=0 (full 0):
 garbage-first heap   total 260096K, used 22528K [0x0000000702600000, 0x0000000800000000)
  region size 2048K, 11 young (22528K), 0 survivors (0K)
 Metaspace       used 5946K, committed 6144K, reserved 1114112K
  class space    used 681K, committed 768K, reserved 1048576K
}
Event: 0.880 GC heap after
{Heap after GC invocations=1 (full 0):
 garbage-first heap   total 260096K, used 3991K [0x0000000702600000, 0x0000000800000000)
  region size 2048K, 2 young (4096K), 2 survivors (4096K)
 Metaspace       used 5946K, committed 6144K, reserved 1114112K
  class space    used 681K, committed 768K, reserved 1048576K
}
Event: 1.480 GC heap before
{Heap before GC invocations=1 (full 0):
 garbage-first heap   total 260096K, used 36759K [0x0000000702600000, 0x0000000800000000)
  region size 2048K, 18 young (36864K), 2 survivors (4096K)
 Metaspace       used 9537K, committed 9728K, reserved 1114112K
  class space    used 1125K, committed 1216K, reserved 1048576K
}
Event: 1.485 GC heap after
{Heap after GC invocations=2 (full 0):
 garbage-first heap   total 260096K, used 5331K [0x0000000702600000, 0x0000000800000000)
  region size 2048K, 1 young (2048K), 1 survivors (2048K)
 Metaspace       used 9537K, committed 9728K, reserved 1114112K
  class space    used 1125K, committed 1216K, reserved 1048576K
}
Event: 4.028 GC heap before
{Heap before GC invocations=2 (full 0):
 garbage-first heap   total 260096K, used 156883K [0x0000000702600000, 0x0000000800000000)
  region size 2048K, 76 young (155648K), 1 survivors (2048K)
 Metaspace       used 16792K, committed 17088K, reserved 1114112K
  class space    used 1897K, committed 2048K, reserved 1048576K
}
Event: 4.045 GC heap after
{Heap after GC invocations=3 (full 0):
 garbage-first heap   total 260096K, used 17786K [0x0000000702600000, 0x0000000800000000)
  region size 2048K, 7 young (14336K), 7 survivors (14336K)
 Metaspace       used 16792K, committed 17088K, reserved 1114112K
  class space    used 1897K, committed 2048K, reserved 1048576K
}
Event: 5.186 GC heap before
{Heap before GC invocations=3 (full 0):
 garbage-first heap   total 260096K, used 77178K [0x0000000702600000, 0x0000000800000000)
  region size 2048K, 33 young (67584K), 7 survivors (14336K)
 Metaspace       used 21257K, committed 21504K, reserved 1114112K
  class space    used 2386K, committed 2496K, reserved 1048576K
}
Event: 5.198 GC heap after
{Heap after GC invocations=4 (full 0):
 garbage-first heap   total 260096K, used 31952K [0x0000000702600000, 0x0000000800000000)
  region size 2048K, 4 young (8192K), 4 survivors (8192K)
 Metaspace       used 21257K, committed 21504K, reserved 1114112K
  class space    used 2386K, committed 2496K, reserved 1048576K
}
Event: 7.576 GC heap before
{Heap before GC invocations=5 (full 0):
 garbage-first heap   total 122880K, used 117968K [0x0000000702600000, 0x0000000800000000)
  region size 2048K, 47 young (96256K), 4 survivors (8192K)
 Metaspace       used 29248K, committed 29696K, reserved 1114112K
  class space    used 3302K, committed 3520K, reserved 1048576K
}
Event: 7.600 GC heap after
{Heap after GC invocations=6 (full 0):
 garbage-first heap   total 147456K, used 44965K [0x0000000702600000, 0x0000000800000000)
  region size 2048K, 10 young (20480K), 10 survivors (20480K)
 Metaspace       used 29248K, committed 29696K, reserved 1114112K
  class space    used 3302K, committed 3520K, reserved 1048576K
}
Event: 9.649 GC heap before
{Heap before GC invocations=6 (full 0):
 garbage-first heap   total 147456K, used 110501K [0x0000000702600000, 0x0000000800000000)
  region size 2048K, 43 young (88064K), 10 survivors (20480K)
 Metaspace       used 32081K, committed 32576K, reserved 1114112K
  class space    used 3635K, committed 3840K, reserved 1048576K
}
Event: 9.673 GC heap after
{Heap after GC invocations=7 (full 0):
 garbage-first heap   total 147456K, used 43890K [0x0000000702600000, 0x0000000800000000)
  region size 2048K, 3 young (6144K), 3 survivors (6144K)
 Metaspace       used 32081K, committed 32576K, reserved 1114112K
  class space    used 3635K, committed 3840K, reserved 1048576K
}
Event: 11.260 GC heap before
{Heap before GC invocations=7 (full 0):
 garbage-first heap   total 147456K, used 125810K [0x0000000702600000, 0x0000000800000000)
  region size 2048K, 41 young (83968K), 3 survivors (6144K)
 Metaspace       used 32671K, committed 33216K, reserved 1114112K
  class space    used 3694K, committed 3904K, reserved 1048576K
}
Event: 11.292 GC heap after
{Heap after GC invocations=8 (full 0):
 garbage-first heap   total 155648K, used 71680K [0x0000000702600000, 0x0000000800000000)
  region size 2048K, 6 young (12288K), 6 survivors (12288K)
 Metaspace       used 32671K, committed 33216K, reserved 1114112K
  class space    used 3694K, committed 3904K, reserved 1048576K
}
Event: 12.628 GC heap before
{Heap before GC invocations=8 (full 0):
 garbage-first heap   total 155648K, used 118784K [0x0000000702600000, 0x0000000800000000)
  region size 2048K, 30 young (61440K), 6 survivors (12288K)
 Metaspace       used 35657K, committed 36288K, reserved 1114112K
  class space    used 3997K, committed 4288K, reserved 1048576K
}
Event: 12.643 GC heap after
{Heap after GC invocations=9 (full 0):
 garbage-first heap   total 155648K, used 73179K [0x0000000702600000, 0x0000000800000000)
  region size 2048K, 2 young (4096K), 2 survivors (4096K)
 Metaspace       used 35657K, committed 36288K, reserved 1114112K
  class space    used 3997K, committed 4288K, reserved 1048576K
}

