# JRE version: Java(TM) SE Runtime Environment (21.0+35) (build 21+35-LTS-2513)
# Java VM: Java HotSpot(TM) 64-Bit Server VM (21+35-LTS-2513, mixed mode, sharing, tiered, compressed oops, compressed class ptrs, g1 gc, windows-amd64)
GC Precious Log:
 CardTable entry size: 512
 Card Set container configuration: InlinePtr #cards 4 size 8 Array Of Cards #cards 16 size 48 Howl #buckets 8 coarsen threshold 3686 Howl Bitmap #cards 512 size 80 coarsen threshold 460 Card regions per heap region 1 cards per card region 4096
 CPUs: 8 total, 8 available
 Memory: 16227M
 Large Page Support: Disabled
 NUMA Support: Disabled
 Compressed Oops: Enabled (Zero based)
 Heap Region Size: 2M
 Heap Min Capacity: 8M
 Heap Initial Capacity: 254M
 Heap Max Capacity: 4058M
 Pre-touch: Disabled
 Parallel Workers: 8
 Concurrent Workers: 2
 Concurrent Refinement Workers: 8
 Periodic GC: Disabled
Heap:
 garbage-first heap   total 55296K, used 25219K [0x0000000702600000, 0x0000000800000000)
  region size 2048K, 2 young (4096K), 1 survivors (2048K)
 Metaspace       used 59167K, committed 59776K, reserved 1114112K
  class space    used 8026K, committed 8320K, reserved 1048576K
GC Heap History (20 events):
Event: 1.255 GC heap before
{Heap before GC invocations=0 (full 0):
 garbage-first heap   total 260096K, used 22528K [0x0000000702600000, 0x0000000800000000)
  region size 2048K, 11 young (22528K), 0 survivors (0K)
 Metaspace       used 5373K, committed 5696K, reserved 1114112K
  class space    used 609K, committed 768K, reserved 1048576K
}
Event: 1.263 GC heap after
{Heap after GC invocations=1 (full 0):
 garbage-first heap   total 260096K, used 7547K [0x0000000702600000, 0x0000000800000000)
  region size 2048K, 2 young (4096K), 2 survivors (4096K)
 Metaspace       used 5373K, committed 5696K, reserved 1114112K
  class space    used 609K, committed 768K, reserved 1048576K
}
Event: 2.450 GC heap before
{Heap before GC invocations=1 (full 0):
 garbage-first heap   total 260096K, used 30075K [0x0000000702600000, 0x0000000800000000)
  region size 2048K, 14 young (28672K), 2 survivors (4096K)
 Metaspace       used 11974K, committed 12288K, reserved 1114112K
  class space    used 1517K, committed 1664K, reserved 1048576K
}
Event: 2.459 GC heap after
{Heap after GC invocations=2 (full 0):
 garbage-first heap   total 260096K, used 9814K [0x0000000702600000, 0x0000000800000000)
  region size 2048K, 2 young (4096K), 2 survivors (4096K)
 Metaspace       used 11974K, committed 12288K, reserved 1114112K
  class space    used 1517K, committed 1664K, reserved 1048576K
}
Event: 4.568 GC heap before
{Heap before GC invocations=2 (full 0):
 garbage-first heap   total 260096K, used 52822K [0x0000000702600000, 0x0000000800000000)
  region size 2048K, 25 young (51200K), 2 survivors (4096K)
 Metaspace       used 21176K, committed 21504K, reserved 1114112K
  class space    used 2690K, committed 2880K, reserved 1048576K
}
Event: 4.577 GC heap after
{Heap after GC invocations=3 (full 0):
 garbage-first heap   total 260096K, used 13866K [0x0000000702600000, 0x0000000800000000)
  region size 2048K, 3 young (6144K), 3 survivors (6144K)
 Metaspace       used 21176K, committed 21504K, reserved 1114112K
  class space    used 2690K, committed 2880K, reserved 1048576K
}
Event: 6.344 GC heap before
{Heap before GC invocations=4 (full 0):
 garbage-first heap   total 55296K, used 40490K [0x0000000702600000, 0x0000000800000000)
  region size 2048K, 16 young (32768K), 3 survivors (6144K)
 Metaspace       used 25501K, committed 25856K, reserved 1114112K
  class space    used 3211K, committed 3392K, reserved 1048576K
}
Event: 6.359 GC heap after
{Heap after GC invocations=5 (full 0):
 garbage-first heap   total 55296K, used 16459K [0x0000000702600000, 0x0000000800000000)
  region size 2048K, 2 young (4096K), 2 survivors (4096K)
 Metaspace       used 25501K, committed 25856K, reserved 1114112K
  class space    used 3211K, committed 3392K, reserved 1048576K
}
Event: 8.648 GC heap before
{Heap before GC invocations=5 (full 0):
 garbage-first heap   total 55296K, used 38987K [0x0000000702600000, 0x0000000800000000)
  region size 2048K, 13 young (26624K), 2 survivors (4096K)
 Metaspace       used 29665K, committed 30080K, reserved 1114112K
  class space    used 3787K, committed 3968K, reserved 1048576K
}
Event: 8.660 GC heap after
{Heap after GC invocations=6 (full 0):
 garbage-first heap   total 55296K, used 18650K [0x0000000702600000, 0x0000000800000000)
  region size 2048K, 2 young (4096K), 2 survivors (4096K)
 Metaspace       used 29665K, committed 30080K, reserved 1114112K
  class space    used 3787K, committed 3968K, reserved 1048576K
}
Event: 10.625 GC heap before
{Heap before GC invocations=6 (full 0):
 garbage-first heap   total 55296K, used 41178K [0x0000000702600000, 0x0000000800000000)
  region size 2048K, 13 young (26624K), 2 survivors (4096K)
 Metaspace       used 34664K, committed 35136K, reserved 1114112K
  class space    used 4386K, committed 4608K, reserved 1048576K
}
Event: 10.639 GC heap after
{Heap after GC invocations=7 (full 0):
 garbage-first heap   total 55296K, used 20341K [0x0000000702600000, 0x0000000800000000)
  region size 2048K, 1 young (2048K), 1 survivors (2048K)
 Metaspace       used 34664K, committed 35136K, reserved 1114112K
  class space    used 4386K, committed 4608K, reserved 1048576K
}
Event: 10.808 GC heap before
{Heap before GC invocations=7 (full 0):
 garbage-first heap   total 55296K, used 22389K [0x0000000702600000, 0x0000000800000000)
  region size 2048K, 3 young (6144K), 1 survivors (2048K)
 Metaspace       used 35499K, committed 35968K, reserved 1114112K
  class space    used 4477K, committed 4672K, reserved 1048576K
}
Event: 10.815 GC heap after
{Heap after GC invocations=8 (full 0):
 garbage-first heap   total 55296K, used 20853K [0x0000000702600000, 0x0000000800000000)
  region size 2048K, 2 young (4096K), 2 survivors (4096K)
 Metaspace       used 35499K, committed 35968K, reserved 1114112K
  class space    used 4477K, committed 4672K, reserved 1048576K
}
Event: 12.708 GC heap before
{Heap before GC invocations=9 (full 0):
 garbage-first heap   total 55296K, used 43381K [0x0000000702600000, 0x0000000800000000)
  region size 2048K, 13 young (26624K), 2 survivors (4096K)
 Metaspace       used 41537K, committed 42048K, reserved 1114112K
  class space    used 5271K, committed 5504K, reserved 1048576K
}
Event: 12.714 GC heap after
{Heap after GC invocations=10 (full 0):
 garbage-first heap   total 55296K, used 22334K [0x0000000702600000, 0x0000000800000000)
  region size 2048K, 2 young (4096K), 2 survivors (4096K)
 Metaspace       used 41537K, committed 42048K, reserved 1114112K
  class space    used 5271K, committed 5504K, reserved 1048576K
}
Event: 14.072 GC heap before
{Heap before GC invocations=10 (full 0):
 garbage-first heap   total 55296K, used 42814K [0x0000000702600000, 0x0000000800000000)
  region size 2048K, 12 young (24576K), 2 survivors (4096K)
 Metaspace       used 46650K, committed 47232K, reserved 1114112K
  class space    used 6151K, committed 6400K, reserved 1048576K
}
Event: 14.077 GC heap after
{Heap after GC invocations=11 (full 0):
 garbage-first heap   total 55296K, used 23341K [0x0000000702600000, 0x0000000800000000)
  region size 2048K, 2 young (4096K), 2 survivors (4096K)
 Metaspace       used 46650K, committed 47232K, reserved 1114112K
  class space    used 6151K, committed 6400K, reserved 1048576K
}
Event: 16.465 GC heap before
{Heap before GC invocations=11 (full 0):
 garbage-first heap   total 55296K, used 43821K [0x0000000702600000, 0x0000000800000000)
  region size 2048K, 13 young (26624K), 2 survivors (4096K)
 Metaspace       used 52827K, committed 53440K, reserved 1114112K
  class space    used 6886K, committed 7168K, reserved 1048576K
}
Event: 16.472 GC heap after
{Heap after GC invocations=12 (full 0):
 garbage-first heap   total 55296K, used 24446K [0x0000000702600000, 0x0000000800000000)
  region size 2048K, 2 young (4096K), 2 survivors (4096K)
 Metaspace       used 52827K, committed 53440K, reserved 1114112K
  class space    used 6886K, committed 7168K, reserved 1048576K
}

